s3.theasianparent.com/tap-assets/favicon.ico
console.log("tap-assets", "favicon.ico")
s3.theasianparent.com/parenttown-prod/food/food-nutritients.jpg
console.log("parenttown-prod/food", "food/food-nutritients.jpg")
s3.theasianparent.com/parenttown-prod/apk/theasianparent-production-release.apk
console.log("parenttown-prod/apk", "apk/theasianparent-production-release.apk")
s3.theasianparent.com/parenttown-prod/popup/TH.png
console.log("parenttown-prod/popup", "popup/TH.png")

s3.theasianparent.com/parenttown-prod/popup/TH.png
console.log("parenttown-prod/popup", "popup/TH.png")

s3.theasianparent.com/parenttown-prod/popup/ID.png
console.log("parenttown-prod/popup", "popup/ID.png")
s3.theasianparent.com/parenttown-prod/popup/ID.png
console.log("parenttown-prod/popup", "popup/ID.png")
s3.theasianparent.com/parenttown-prod/popup/VN.png
console.log("parenttown-prod/popup", "popup/VN.png")
s3.theasianparent.com/parenttown-prod/popup/VN.png
console.log("parenttown-prod/popup", "popup/VN.png")
s3.theasianparent.com/parenttown-prod/popup/MY.png
console.log("parenttown-prod/popup", "popup/MY.png")
s3.theasianparent.com/parenttown-prod/popup/MY.png
console.log("parenttown-prod/popup", "popup/MY.png")
s3.theasianparent.com/community-africaparent/23million_africa.png
console.log("community-africaparent", "23million_africa.png")
s3.theasianparent.com/community-africaparent/23million_africa.png
console.log("community-africaparent", "23million_africa.png")
s3.theasianparent.com/parenttown-prod/popup/SG.png
console.log("parenttown-prod/popup", "popup/SG.png")
s3.theasianparent.com/parenttown-prod/popup/SG.png
console.log("parenttown-prod/popup", "popup/SG.png")
s3.theasianparent.com/parenttown-prod/community/memory_app/TAP_Apps_Popupbanner_Desktop_TH_Blue_1.png
console.log("parenttown-prod/community/memory_app", "community/memory_app/TAP_Apps_Popupbanner_Desktop_TH_Blue_1.png")
s3.theasianparent.com/parenttown-prod/community/memory_app/TAP_Apps_Popupbanner_Mobile_TH_Blue_1.png
console.log("parenttown-prod/community/memory_app", "community/memory_app/TAP_Apps_Popupbanner_Mobile_TH_Blue_1.png")
s3.theasianparent.com/parenttown-prod/community/memory_app/TAP_Apps_Popupbanner_Desktop_ID_Blue.png
console.log("parenttown-prod/community/memory_app", "community/memory_app/TAP_Apps_Popupbanner_Desktop_ID_Blue.png")
s3.theasianparent.com/parenttown-prod/community/memory_app/TAP_Apps_Popupbanner_Mobile_ID_Blue.png
console.log("parenttown-prod/community/memory_app", "community/memory_app/TAP_Apps_Popupbanner_Mobile_ID_Blue.png")
s3.theasianparent.com/parenttown-prod/community/memory_app/TAP_Apps_Popupbanner_Desktop_Blue.png
console.log("parenttown-prod/community/memory_app", "community/memory_app/TAP_Apps_Popupbanner_Desktop_Blue.png")
s3.theasianparent.com/parenttown-prod/community/memory_app/TAP_Apps_Popupbanner_Mobile_Blue.png
console.log("parenttown-prod/community/memory_app", "community/memory_app/TAP_Apps_Popupbanner_Mobile_Blue.png")
s3.theasianparent.com/parenttown-prod/community/memory_app_download_desktop+popup.jpg
console.log("parenttown-prod/community", "community/memory_app_download_desktop+popup.jpg")
s3.theasianparent.com/parenttown-prod/community/memory_app_download+popup.jpg
console.log("parenttown-prod/community", "community/memory_app_download+popup.jpg")
s3.theasianparent.com/parenttown-prod/assets/kickcounter/did_u_know.png
console.log("parenttown-prod/assets/kickcounter", "assets/kickcounter/did_u_know.png")
s3.theasianparent.com/parenttown-prod/assets/kickcounter/open_kick_counter.png
console.log("parenttown-prod/assets/kickcounter", "assets/kickcounter/open_kick_counter.png")
s3.theasianparent.com/parenttown-prod/assets/kickcounter/reminder_empty.png
console.log("parenttown-prod/assets/kickcounter", "assets/kickcounter/reminder_empty.png")
s3.theasianparent.com/parenttown-prod/assets/kickcounter/kick_count.png
console.log("parenttown-prod/assets/kickcounter", "assets/kickcounter/kick_count.png")
s3.theasianparent.com/parenttown-prod/assets/kickcounter/ic_great_color.png
console.log("parenttown-prod/assets/kickcounter", "assets/kickcounter/ic_great_color.png")
s3.theasianparent.com/parenttown-prod/assets/kickcounter/ic_bad_color.png
console.log("parenttown-prod/assets/kickcounter", "assets/kickcounter/ic_bad_color.png")
s3.theasianparent.com/parenttown-prod/assets/kickcounter/graphs.png
console.log("parenttown-prod/assets/kickcounter", "assets/kickcounter/graphs.png")
s3.theasianparent.com/parenttown-prod/assets/kickcounter/did_u_know.png
console.log("parenttown-prod/assets/kickcounter", "assets/kickcounter/did_u_know.png")
s3.theasianparent.com/parenttown-prod/assets/kickcounter/open_kick_counter.png
console.log("parenttown-prod/assets/kickcounter", "assets/kickcounter/open_kick_counter.png")
s3.theasianparent.com/parenttown-prod/assets/kickcounter/reminder_empty.png
console.log("parenttown-prod/assets/kickcounter", "assets/kickcounter/reminder_empty.png")
s3.theasianparent.com/parenttown-prod/assets/kickcounter/kick_count.png
console.log("parenttown-prod/assets/kickcounter", "assets/kickcounter/kick_count.png")
s3.theasianparent.com/parenttown-prod/assets/kickcounter/ic_great_color.png
console.log("parenttown-prod/assets/kickcounter", "assets/kickcounter/ic_great_color.png")
s3.theasianparent.com/parenttown-prod/assets/kickcounter/ic_bad_color.png
console.log("parenttown-prod/assets/kickcounter", "assets/kickcounter/ic_bad_color.png")
s3.theasianparent.com/parenttown-prod/assets/kickcounter/graphs.png
console.log("parenttown-prod/assets/kickcounter", "assets/kickcounter/graphs.png")
s3.theasianparent.com/parenttown-prod/assets/kickcounter/did_u_know.png
console.log("parenttown-prod/assets/kickcounter", "assets/kickcounter/did_u_know.png")
s3.theasianparent.com/parenttown-prod/assets/kickcounter/open_kick_counter.png
console.log("parenttown-prod/assets/kickcounter", "assets/kickcounter/open_kick_counter.png")
s3.theasianparent.com/parenttown-prod/assets/kickcounter/reminder_empty.png
console.log("parenttown-prod/assets/kickcounter", "assets/kickcounter/reminder_empty.png")
s3.theasianparent.com/parenttown-prod/assets/kickcounter/kick_count.png
console.log("parenttown-prod/assets/kickcounter", "assets/kickcounter/kick_count.png")
s3.theasianparent.com/parenttown-prod/assets/kickcounter/ic_great_color.png
console.log("parenttown-prod/assets/kickcounter", "assets/kickcounter/ic_great_color.png")
s3.theasianparent.com/parenttown-prod/assets/kickcounter/ic_bad_color.png
console.log("parenttown-prod/assets/kickcounter", "assets/kickcounter/ic_bad_color.png")
s3.theasianparent.com/parenttown-prod/assets/kickcounter/graphs.png
console.log("parenttown-prod/assets/kickcounter", "assets/kickcounter/graphs.png")
s3.theasianparent.com/parenttown-prod/assets/kickcounter/did_u_know.png
console.log("parenttown-prod/assets/kickcounter", "assets/kickcounter/did_u_know.png")
s3.theasianparent.com/parenttown-prod/assets/kickcounter/open_kick_counter.png
console.log("parenttown-prod/assets/kickcounter", "assets/kickcounter/open_kick_counter.png")
s3.theasianparent.com/parenttown-prod/assets/kickcounter/reminder_empty.png
console.log("parenttown-prod/assets/kickcounter", "assets/kickcounter/reminder_empty.png")
s3.theasianparent.com/parenttown-prod/assets/kickcounter/kick_count.png
console.log("parenttown-prod/assets/kickcounter", "assets/kickcounter/kick_count.png")
s3.theasianparent.com/parenttown-prod/assets/kickcounter/ic_great_color.png
console.log("parenttown-prod/assets/kickcounter", "assets/kickcounter/ic_great_color.png")
s3.theasianparent.com/parenttown-prod/assets/kickcounter/ic_bad_color.png
console.log("parenttown-prod/assets/kickcounter", "assets/kickcounter/ic_bad_color.png")
s3.theasianparent.com/parenttown-prod/assets/kickcounter/graphs.png
console.log("parenttown-prod/assets/kickcounter", "assets/kickcounter/graphs.png")
s3.theasianparent.com/parenttown-prod/assets/kickcounter/did_u_know.png
console.log("parenttown-prod/assets/kickcounter", "assets/kickcounter/did_u_know.png")
s3.theasianparent.com/parenttown-prod/assets/kickcounter/open_kick_counter.png
console.log("parenttown-prod/assets/kickcounter", "assets/kickcounter/open_kick_counter.png")
s3.theasianparent.com/parenttown-prod/assets/kickcounter/reminder_empty.png
console.log("parenttown-prod/assets/kickcounter", "assets/kickcounter/reminder_empty.png")
s3.theasianparent.com/parenttown-prod/assets/kickcounter/kick_count.png
console.log("parenttown-prod/assets/kickcounter", "assets/kickcounter/kick_count.png")
s3.theasianparent.com/parenttown-prod/assets/kickcounter/ic_great_color.png
console.log("parenttown-prod/assets/kickcounter", "assets/kickcounter/ic_great_color.png")
s3.theasianparent.com/parenttown-prod/assets/kickcounter/ic_bad_color.png
console.log("parenttown-prod/assets/kickcounter", "assets/kickcounter/ic_bad_color.png")
s3.theasianparent.com/parenttown-prod/assets/kickcounter/graphs.png
console.log("parenttown-prod/assets/kickcounter", "assets/kickcounter/graphs.png")
s3.theasianparent.com/parenttown-prod/assets/kickcounter/did_u_know.png
console.log("parenttown-prod/assets/kickcounter", "assets/kickcounter/did_u_know.png")
s3.theasianparent.com/parenttown-prod/assets/kickcounter/open_kick_counter.png
console.log("parenttown-prod/assets/kickcounter", "assets/kickcounter/open_kick_counter.png")
s3.theasianparent.com/parenttown-prod/assets/kickcounter/reminder_empty.png
console.log("parenttown-prod/assets/kickcounter", "assets/kickcounter/reminder_empty.png")
s3.theasianparent.com/parenttown-prod/assets/kickcounter/kick_count.png
console.log("parenttown-prod/assets/kickcounter", "assets/kickcounter/kick_count.png")
s3.theasianparent.com/parenttown-prod/assets/kickcounter/ic_great_color.png
console.log("parenttown-prod/assets/kickcounter", "assets/kickcounter/ic_great_color.png")
s3.theasianparent.com/parenttown-prod/assets/kickcounter/ic_bad_color.png
console.log("parenttown-prod/assets/kickcounter", "assets/kickcounter/ic_bad_color.png")
s3.theasianparent.com/parenttown-prod/assets/kickcounter/graphs.png
console.log("parenttown-prod/assets/kickcounter", "assets/kickcounter/graphs.png")
s3.theasianparent.com/community-theasianparent/assets/user.png
console.log("community-theasianparent/assets", "assets/user.png")
s3.theasianparent.com/parenttown-prod/contest/desk/TH.png
console.log("parenttown-prod/contest/desk", "contest/desk/TH.png")
s3.theasianparent.com/parenttown-prod/contest/mob/TH.png
console.log("parenttown-prod/contest/mob", "contest/mob/TH.png")
s3.theasianparent.com/parenttown-prod/contest/desk/ID.png
console.log("parenttown-prod/contest/desk", "contest/desk/ID.png")
s3.theasianparent.com/parenttown-prod/contest/mob/ID.png
console.log("parenttown-prod/contest/mob", "contest/mob/ID.png")
s3.theasianparent.com/parenttown-prod/contest/desk/SG.png
console.log("parenttown-prod/contest/desk", "contest/desk/SG.png")
s3.theasianparent.com/parenttown-prod/contest/mob/SG.png
console.log("parenttown-prod/contest/mob", "contest/mob/SG.png")
s3.theasianparent.com/tap-assets/glass-featured-prime-block.png
console.log("tap-assets", "glass-featured-prime-block.png")
s3.theasianparent.com/parenttown-prod/community/memory_app/TAP_Apps_Popupbanner_Desktop_Blue.png
console.log("parenttown-prod/community/memory_app", "community/memory_app/TAP_Apps_Popupbanner_Desktop_Blue.png")
s3.theasianparent.com/parenttown-prod/community/memory_app/TAP_Apps_Popupbanner_Mobile_Blue.png
console.log("parenttown-prod/community/memory_app", "community/memory_app/TAP_Apps_Popupbanner_Mobile_Blue.png")
s3.theasianparent.com/parenttown-prod/profile_15637872962857.jpg
console.log("parenttown-prod", "profile_15637872962857.jpg")
s3.theasianparent.com/tap-assets/placeholder_square.jpg
console.log("tap-assets", "placeholder_square.jpg")
s3.theasianparent.com/tap-assets/placeholder_square.jpg
console.log("tap-assets", "placeholder_square.jpg")
s3.theasianparent.com/tap-assets/glass-featured-prime-block.png
console.log("tap-assets", "glass-featured-prime-block.png")
s3.theasianparent.com/tap-assets/glass-featured-prime-block.png
console.log("tap-assets", "glass-featured-prime-block.png")
s3.theasianparent.com/tap-assets/android-download/theAsianparent.png
console.log("tap-assets/android-download", "android-download/theAsianparent.png")
s3.theasianparent.com/tap-assets/android-download/Android-icon.svg
console.log("tap-assets/android-download", "android-download/Android-icon.svg")
s3.theasianparent.com/html-edm/2018/sep/tap-welcome/icon-android.svg
console.log("html-edm/2018/sep/tap-welcome", "2018/sep/tap-welcome/icon-android.svg")
s3.theasianparent.com/html-edm/2018/sep/tap-welcome/icon-ios.svg
console.log("html-edm/2018/sep/tap-welcome", "2018/sep/tap-welcome/icon-ios.svg")
s3.theasianparent.com/parenttown-prod/community/TAPApps_launch_1b_300x250.jpg
console.log("parenttown-prod/community", "community/TAPApps_launch_1b_300x250.jpg")
s3.theasianparent.com/parenttown-prod/community/TAPApps_launch_2b_300x250.jpg
console.log("parenttown-prod/community", "community/TAPApps_launch_2b_300x250.jpg")
s3.theasianparent.com/parenttown-prod/community/TAPApps_launch_3b_300x250.jpg
console.log("parenttown-prod/community", "community/TAPApps_launch_3b_300x250.jpg")
s3.theasianparent.com/groups-tap/profile_15222430663072.jpg
console.log("groups-tap", "profile_15222430663072.jpg")
s3.theasianparent.com/html-edm/footer/google-play-store.png
console.log("html-edm/footer", "footer/google-play-store.png")
s3.theasianparent.com/html-edm/footer/app-store-logo.png
console.log("html-edm/footer", "footer/app-store-logo.png")
s3.theasianparent.com/parenttown-prod/community/contests_app_mobile_download_nocontent+_1.png
console.log("parenttown-prod/community", "community/contests_app_mobile_download_nocontent+_1.png")
s3.theasianparent.com/parenttown-prod/profile_15637872962857.jpg
console.log("parenttown-prod", "profile_15637872962857.jpg")
s3.theasianparent.com/tap-assets/TAP_icon.png
console.log("tap-assets", "TAP_icon.png")
s3.theasianparent.com/tap-assets/page404/Oops_.png
console.log("tap-assets/page404", "page404/Oops_.png")
s3.theasianparent.com/tap-assets/TAP-QR.png
console.log("tap-assets", "TAP-QR.png")
s3.theasianparent.com/html-edm/2018/sep/tap-welcome/icon-android.svg
console.log("html-edm/2018/sep/tap-welcome", "2018/sep/tap-welcome/icon-android.svg")
s3.theasianparent.com/html-edm/2018/sep/tap-welcome/icon-ios.svg
console.log("html-edm/2018/sep/tap-welcome", "2018/sep/tap-welcome/icon-ios.svg")
s3.theasianparent.com/tap-assets/SubCategory/Allergies.png
console.log("tap-assets/SubCategory", "SubCategory/Allergies.png")
s3.theasianparent.com/tap-assets/SubCategory/Delivery.png
console.log("tap-assets/SubCategory", "SubCategory/Delivery.png")
s3.theasianparent.com/tap-assets/SubCategory/Pre_schooler.png
console.log("tap-assets/SubCategory", "SubCategory/Pre_schooler.png")
s3.theasianparent.com/tap-assets/SubCategory/Pregnancy.png
console.log("tap-assets/SubCategory", "SubCategory/Pregnancy.png")
s3.theasianparent.com/tap-assets/SubCategory/Relationship.png
console.log("tap-assets/SubCategory", "SubCategory/Relationship.png")
s3.theasianparent.com/tap-assets/SubCategory/baby.png
console.log("tap-assets/SubCategory", "SubCategory/baby.png")
s3.theasianparent.com/tap-assets/SubCategory/meal_planner.png
console.log("tap-assets/SubCategory", "SubCategory/meal_planner.png")
s3.theasianparent.com/tap-assets/SubCategory/news.png
console.log("tap-assets/SubCategory", "SubCategory/news.png")
s3.theasianparent.com/html-edm/2018/sep/tap-welcome/icon-android.svg
console.log("html-edm/2018/sep/tap-welcome", "2018/sep/tap-welcome/icon-android.svg")
s3.theasianparent.com/html-edm/2018/sep/tap-welcome/icon-ios.svg
console.log("html-edm/2018/sep/tap-welcome", "2018/sep/tap-welcome/icon-ios.svg")
s3.theasianparent.com/tap-assets/TAP_icon.png
console.log("tap-assets", "TAP_icon.png")
s3.theasianparent.com/tap-assets/TAP_icon.png
console.log("tap-assets", "TAP_icon.png")
s3.theasianparent.com/html-edm/2018/sep/tap-welcome/icon-android.svg
console.log("html-edm/2018/sep/tap-welcome", "2018/sep/tap-welcome/icon-android.svg")
s3.theasianparent.com/html-edm/2018/sep/tap-welcome/icon-ios.svg
console.log("html-edm/2018/sep/tap-welcome", "2018/sep/tap-welcome/icon-ios.svg")
s3.theasianparent.com/community-theasianparent/assets/image-2.png
console.log("community-theasianparent/assets", "assets/image-2.png")
s3.theasianparent.com/community-theasianparent/assets/ico-tablet.svg
console.log("community-theasianparent/assets", "assets/ico-tablet.svg")
s3.theasianparent.com/community-theasianparent/assets/ico-groceries.svg
console.log("community-theasianparent/assets", "assets/ico-groceries.svg")
s3.theasianparent.com/community-theasianparent/assets/ico-recipes.svg
console.log("community-theasianparent/assets", "assets/ico-recipes.svg")
s3.theasianparent.com/community-theasianparent/assets/kicks.svg
console.log("community-theasianparent/assets", "assets/kicks.svg")
s3.theasianparent.com/community-theasianparent/assets/ico-checklist.svg
console.log("community-theasianparent/assets", "assets/ico-checklist.svg")
s3.theasianparent.com/community-theasianparent/assets/ico-pregnancy.svg
console.log("community-theasianparent/assets", "assets/ico-pregnancy.svg")
s3.theasianparent.com/community-theasianparent/assets/ico-photobooth.svg
console.log("community-theasianparent/assets", "assets/ico-photobooth.svg")
s3.theasianparent.com/community-theasianparent/assets/ico-poll.svg
console.log("community-theasianparent/assets", "assets/ico-poll.svg")
s3.theasianparent.com/community-theasianparent/assets/ico-mom-community.svg
console.log("community-theasianparent/assets", "assets/ico-mom-community.svg")
s3.theasianparent.com/community-theasianparent/assets/ico-rewards.svg
console.log("community-theasianparent/assets", "assets/ico-rewards.svg")
s3.theasianparent.com/community-theasianparent/assets/intro-video.png
console.log("community-theasianparent/assets", "assets/intro-video.png")
s3.theasianparent.com/community-theasianparent/assets/ico-youtube.png
console.log("community-theasianparent/assets", "assets/ico-youtube.png")
s3.theasianparent.com/community-theasianparent/assets/active-blue.png
console.log("community-theasianparent/assets", "assets/active-blue.png")
s3.theasianparent.com/community-theasianparent/assets/ico-int-col-just-mom.svg
console.log("community-theasianparent/assets", "assets/ico-int-col-just-mom.svg")
s3.theasianparent.com/community-theasianparent/assets/inactive-grey.png
console.log("community-theasianparent/assets", "assets/inactive-grey.png")
s3.theasianparent.com/community-theasianparent/assets/ico-int-bw-just-dad.svg
console.log("community-theasianparent/assets", "assets/ico-int-bw-just-dad.svg")
s3.theasianparent.com/community-theasianparent/assets/inactive-grey.png
console.log("community-theasianparent/assets", "assets/inactive-grey.png")
s3.theasianparent.com/community-theasianparent/assets/ico-int-bw-random-talk.svg
console.log("community-theasianparent/assets", "assets/ico-int-bw-random-talk.svg")
s3.theasianparent.com/community-theasianparent/assets/inactive-grey.png
console.log("community-theasianparent/assets", "assets/inactive-grey.png")
s3.theasianparent.com/community-theasianparent/assets/ico-int-bw-bigger-kids.svg
console.log("community-theasianparent/assets", "assets/ico-int-bw-bigger-kids.svg")
s3.theasianparent.com/community-theasianparent/assets/inactive-grey.png
console.log("community-theasianparent/assets", "assets/inactive-grey.png")
s3.theasianparent.com/community-theasianparent/assets/ico-int-bw-preschooler.svg
console.log("community-theasianparent/assets", "assets/ico-int-bw-preschooler.svg")
s3.theasianparent.com/community-theasianparent/assets/inactive-grey.png
console.log("community-theasianparent/assets", "assets/inactive-grey.png")
s3.theasianparent.com/community-theasianparent/assets/ico-int-bw-breastfeeding.svg
console.log("community-theasianparent/assets", "assets/ico-int-bw-breastfeeding.svg")
s3.theasianparent.com/community-theasianparent/assets/inactive-grey.png
console.log("community-theasianparent/assets", "assets/inactive-grey.png")
s3.theasianparent.com/community-theasianparent/assets/ico-int-bw-buy-sell.svg
console.log("community-theasianparent/assets", "assets/ico-int-bw-buy-sell.svg")
s3.theasianparent.com/community-theasianparent/assets/inactive-grey.png
console.log("community-theasianparent/assets", "assets/inactive-grey.png")
s3.theasianparent.com/community-theasianparent/assets/ico-int-bw-work-from-home.svg
console.log("community-theasianparent/assets", "assets/ico-int-bw-work-from-home.svg")
s3.theasianparent.com/community-theasianparent/assets/track_baby.png
console.log("community-theasianparent/assets", "assets/track_baby.png")
s3.theasianparent.com/community-theasianparent/assets/Group_3.png
console.log("community-theasianparent/assets", "assets/Group_3.png")
s3.theasianparent.com/community-theasianparent/assets/answers_given.png
console.log("community-theasianparent/assets", "assets/answers_given.png")
s3.theasianparent.com/community-theasianparent/assets/Group_3.png
console.log("community-theasianparent/assets", "assets/Group_3.png")
s3.theasianparent.com/community-theasianparent/assets/Group_3.png
console.log("community-theasianparent/assets", "assets/Group_3.png")
s3.theasianparent.com/community-theasianparent/assets/Group_3.png
console.log("community-theasianparent/assets", "assets/Group_3.png")
s3.theasianparent.com/community-theasianparent/assets/active-blue.png
console.log("community-theasianparent/assets", "assets/active-blue.png")
s3.theasianparent.com/community-theasianparent/assets/ico-int-col-just-mom.svg
console.log("community-theasianparent/assets", "assets/ico-int-col-just-mom.svg")
s3.theasianparent.com/community-theasianparent/assets/inactive-grey.png
console.log("community-theasianparent/assets", "assets/inactive-grey.png")
s3.theasianparent.com/community-theasianparent/assets/ico-int-bw-just-dad.svg
console.log("community-theasianparent/assets", "assets/ico-int-bw-just-dad.svg")
s3.theasianparent.com/community-theasianparent/assets/inactive-grey.png
console.log("community-theasianparent/assets", "assets/inactive-grey.png")
s3.theasianparent.com/community-theasianparent/assets/ico-int-bw-random-talk.svg
console.log("community-theasianparent/assets", "assets/ico-int-bw-random-talk.svg")
s3.theasianparent.com/community-theasianparent/assets/inactive-grey.png
console.log("community-theasianparent/assets", "assets/inactive-grey.png")
s3.theasianparent.com/community-theasianparent/assets/ico-int-bw-bigger-kids.svg
console.log("community-theasianparent/assets", "assets/ico-int-bw-bigger-kids.svg")
s3.theasianparent.com/community-theasianparent/assets/inactive-grey.png
console.log("community-theasianparent/assets", "assets/inactive-grey.png")
s3.theasianparent.com/community-theasianparent/assets/ico-int-bw-preschooler.svg
console.log("community-theasianparent/assets", "assets/ico-int-bw-preschooler.svg")
s3.theasianparent.com/community-theasianparent/assets/inactive-grey.png
console.log("community-theasianparent/assets", "assets/inactive-grey.png")
s3.theasianparent.com/community-theasianparent/assets/ico-int-bw-breastfeeding.svg
console.log("community-theasianparent/assets", "assets/ico-int-bw-breastfeeding.svg")
s3.theasianparent.com/community-theasianparent/assets/inactive-grey.png
console.log("community-theasianparent/assets", "assets/inactive-grey.png")
s3.theasianparent.com/community-theasianparent/assets/ico-int-bw-buy-sell.svg
console.log("community-theasianparent/assets", "assets/ico-int-bw-buy-sell.svg")
s3.theasianparent.com/community-theasianparent/assets/inactive-grey.png
console.log("community-theasianparent/assets", "assets/inactive-grey.png")
s3.theasianparent.com/community-theasianparent/assets/ico-int-bw-work-from-home.svg
console.log("community-theasianparent/assets", "assets/ico-int-bw-work-from-home.svg")
s3.theasianparent.com/community-theasianparent/assets/invite_friends.png
console.log("community-theasianparent/assets", "assets/invite_friends.png")
s3.theasianparent.com/community-theasianparent/assets/Baby_music.png
console.log("community-theasianparent/assets", "assets/Baby_music.png")
s3.theasianparent.com/community-theasianparent/assets/Baby_videos.png
console.log("community-theasianparent/assets", "assets/Baby_videos.png")
s3.theasianparent.com/community-theasianparent/assets/Real_stories.png
console.log("community-theasianparent/assets", "assets/Real_stories.png")
s3.theasianparent.com/community-theasianparent/assets/Connect_parents.png
console.log("community-theasianparent/assets", "assets/Connect_parents.png")
s3.theasianparent.com/community-theasianparent/assets/mobile_screens.png
console.log("community-theasianparent/assets", "assets/mobile_screens.png")
s3.theasianparent.com/community-theasianparent/assets/baby-growth-tracker.png
console.log("community-theasianparent/assets", "assets/baby-growth-tracker.png")
s3.theasianparent.com/tap-assets/family-planning-calculator/mr.png
console.log("tap-assets/family-planning-calculator", "family-planning-calculator/mr.png")
s3.theasianparent.com/tap-assets/family-planning-calculator/ms.png
console.log("tap-assets/family-planning-calculator", "family-planning-calculator/ms.png")
s3.theasianparent.com/tap-assets/family-planning-calculator/calc-no-of-kids.png
console.log("tap-assets/family-planning-calculator", "family-planning-calculator/calc-no-of-kids.png")
s3.theasianparent.com/tap-assets/family-planning-calculator/house.png
console.log("tap-assets/family-planning-calculator", "family-planning-calculator/house.png")
s3.theasianparent.com/tap-assets/family-planning-calculator/wallet.png
console.log("tap-assets/family-planning-calculator", "family-planning-calculator/wallet.png")
s3.theasianparent.com/tap-assets/family-planning-calculator/result.jpeg
console.log("tap-assets/family-planning-calculator", "family-planning-calculator/result.jpeg")
s3.theasianparent.com/community-theasianparent/about-baby-tracker-web-view/screen-1.png
console.log("community-theasianparent/about-baby-tracker-web-view", "about-baby-tracker-web-view/screen-1.png")
s3.theasianparent.com/community-theasianparent/about-baby-tracker-web-view/screen-2.png
console.log("community-theasianparent/about-baby-tracker-web-view", "about-baby-tracker-web-view/screen-2.png")
s3.theasianparent.com/community-theasianparent/about-baby-tracker-web-view/did-u-know.png
console.log("community-theasianparent/about-baby-tracker-web-view", "about-baby-tracker-web-view/did-u-know.png")
s3.theasianparent.com/community-theasianparent/about-baby-tracker-web-view/graphic-1.png
console.log("community-theasianparent/about-baby-tracker-web-view", "about-baby-tracker-web-view/graphic-1.png")
s3.theasianparent.com/community-theasianparent/about-baby-tracker-web-view/graphic-2.png
console.log("community-theasianparent/about-baby-tracker-web-view", "about-baby-tracker-web-view/graphic-2.png")
s3.theasianparent.com/community-theasianparent/about-baby-tracker-web-view/graphic-3.png
console.log("community-theasianparent/about-baby-tracker-web-view", "about-baby-tracker-web-view/graphic-3.png")
s3.theasianparent.com/community-theasianparent/about-baby-tracker-web-view/graphic-4.png
console.log("community-theasianparent/about-baby-tracker-web-view", "about-baby-tracker-web-view/graphic-4.png")
s3.theasianparent.com/community-theasianparent/about-baby-tracker-web-view/screen-1.png
console.log("community-theasianparent/about-baby-tracker-web-view", "about-baby-tracker-web-view/screen-1.png")
s3.theasianparent.com/community-theasianparent/about-baby-tracker-web-view/screen-2.png
console.log("community-theasianparent/about-baby-tracker-web-view", "about-baby-tracker-web-view/screen-2.png")
s3.theasianparent.com/community-theasianparent/about-baby-tracker-web-view/did-u-know.png
console.log("community-theasianparent/about-baby-tracker-web-view", "about-baby-tracker-web-view/did-u-know.png")
s3.theasianparent.com/community-theasianparent/about-baby-tracker-web-view/graphic-1.png
console.log("community-theasianparent/about-baby-tracker-web-view", "about-baby-tracker-web-view/graphic-1.png")
s3.theasianparent.com/community-theasianparent/about-baby-tracker-web-view/graphic-2.png
console.log("community-theasianparent/about-baby-tracker-web-view", "about-baby-tracker-web-view/graphic-2.png")
s3.theasianparent.com/community-theasianparent/about-baby-tracker-web-view/graphic-3.png
console.log("community-theasianparent/about-baby-tracker-web-view", "about-baby-tracker-web-view/graphic-3.png")
s3.theasianparent.com/community-theasianparent/about-baby-tracker-web-view/graphic-4.png
console.log("community-theasianparent/about-baby-tracker-web-view", "about-baby-tracker-web-view/graphic-4.png")
s3.theasianparent.com/community-theasianparent/about-baby-tracker-web-view/screen-1.png
console.log("community-theasianparent/about-baby-tracker-web-view", "about-baby-tracker-web-view/screen-1.png")
s3.theasianparent.com/community-theasianparent/about-baby-tracker-web-view/screen-2.png
console.log("community-theasianparent/about-baby-tracker-web-view", "about-baby-tracker-web-view/screen-2.png")
s3.theasianparent.com/community-theasianparent/about-baby-tracker-web-view/did-u-know.png
console.log("community-theasianparent/about-baby-tracker-web-view", "about-baby-tracker-web-view/did-u-know.png")
s3.theasianparent.com/community-theasianparent/about-baby-tracker-web-view/graphic-1.png
console.log("community-theasianparent/about-baby-tracker-web-view", "about-baby-tracker-web-view/graphic-1.png")
s3.theasianparent.com/community-theasianparent/about-baby-tracker-web-view/graphic-2.png
console.log("community-theasianparent/about-baby-tracker-web-view", "about-baby-tracker-web-view/graphic-2.png")
s3.theasianparent.com/community-theasianparent/about-baby-tracker-web-view/graphic-3.png
console.log("community-theasianparent/about-baby-tracker-web-view", "about-baby-tracker-web-view/graphic-3.png")
s3.theasianparent.com/community-theasianparent/about-baby-tracker-web-view/graphic-4.png
console.log("community-theasianparent/about-baby-tracker-web-view", "about-baby-tracker-web-view/graphic-4.png")
s3.theasianparent.com/community-theasianparent/about-baby-tracker-web-view/screen-1.png
console.log("community-theasianparent/about-baby-tracker-web-view", "about-baby-tracker-web-view/screen-1.png")
s3.theasianparent.com/community-theasianparent/about-baby-tracker-web-view/screen-2.png
console.log("community-theasianparent/about-baby-tracker-web-view", "about-baby-tracker-web-view/screen-2.png")
s3.theasianparent.com/community-theasianparent/about-baby-tracker-web-view/did-u-know.png
console.log("community-theasianparent/about-baby-tracker-web-view", "about-baby-tracker-web-view/did-u-know.png")
s3.theasianparent.com/community-theasianparent/about-baby-tracker-web-view/graphic-1.png
console.log("community-theasianparent/about-baby-tracker-web-view", "about-baby-tracker-web-view/graphic-1.png")
s3.theasianparent.com/community-theasianparent/about-baby-tracker-web-view/graphic-2.png
console.log("community-theasianparent/about-baby-tracker-web-view", "about-baby-tracker-web-view/graphic-2.png")
s3.theasianparent.com/community-theasianparent/about-baby-tracker-web-view/graphic-3.png
console.log("community-theasianparent/about-baby-tracker-web-view", "about-baby-tracker-web-view/graphic-3.png")
s3.theasianparent.com/community-theasianparent/about-baby-tracker-web-view/graphic-4.png
console.log("community-theasianparent/about-baby-tracker-web-view", "about-baby-tracker-web-view/graphic-4.png")
s3.theasianparent.com/community-theasianparent/about-baby-tracker-web-view/screen-1.png
console.log("community-theasianparent/about-baby-tracker-web-view", "about-baby-tracker-web-view/screen-1.png")
s3.theasianparent.com/community-theasianparent/about-baby-tracker-web-view/screen-2.png
console.log("community-theasianparent/about-baby-tracker-web-view", "about-baby-tracker-web-view/screen-2.png")
s3.theasianparent.com/community-theasianparent/about-baby-tracker-web-view/did-u-know.png
console.log("community-theasianparent/about-baby-tracker-web-view", "about-baby-tracker-web-view/did-u-know.png")
s3.theasianparent.com/community-theasianparent/about-baby-tracker-web-view/graphic-1.png
console.log("community-theasianparent/about-baby-tracker-web-view", "about-baby-tracker-web-view/graphic-1.png")
s3.theasianparent.com/community-theasianparent/about-baby-tracker-web-view/graphic-2.png
console.log("community-theasianparent/about-baby-tracker-web-view", "about-baby-tracker-web-view/graphic-2.png")
s3.theasianparent.com/community-theasianparent/about-baby-tracker-web-view/graphic-3.png
console.log("community-theasianparent/about-baby-tracker-web-view", "about-baby-tracker-web-view/graphic-3.png")
s3.theasianparent.com/community-theasianparent/about-baby-tracker-web-view/graphic-4.png
console.log("community-theasianparent/about-baby-tracker-web-view", "about-baby-tracker-web-view/graphic-4.png")
s3.theasianparent.com/community-theasianparent/about-baby-tracker-web-view/screen-1.png
console.log("community-theasianparent/about-baby-tracker-web-view", "about-baby-tracker-web-view/screen-1.png")
s3.theasianparent.com/community-theasianparent/about-baby-tracker-web-view/screen-2.png
console.log("community-theasianparent/about-baby-tracker-web-view", "about-baby-tracker-web-view/screen-2.png")
s3.theasianparent.com/community-theasianparent/about-baby-tracker-web-view/did-u-know.png
console.log("community-theasianparent/about-baby-tracker-web-view", "about-baby-tracker-web-view/did-u-know.png")
s3.theasianparent.com/community-theasianparent/about-baby-tracker-web-view/graphic-1.png
console.log("community-theasianparent/about-baby-tracker-web-view", "about-baby-tracker-web-view/graphic-1.png")
s3.theasianparent.com/community-theasianparent/about-baby-tracker-web-view/graphic-2.png
console.log("community-theasianparent/about-baby-tracker-web-view", "about-baby-tracker-web-view/graphic-2.png")
s3.theasianparent.com/community-theasianparent/about-baby-tracker-web-view/graphic-3.png
console.log("community-theasianparent/about-baby-tracker-web-view", "about-baby-tracker-web-view/graphic-3.png")
s3.theasianparent.com/community-theasianparent/about-baby-tracker-web-view/graphic-4.png
console.log("community-theasianparent/about-baby-tracker-web-view", "about-baby-tracker-web-view/graphic-4.png")
s3.theasianparent.com/community-theasianparent/covid/tap_logo.svg
console.log("community-theasianparent/covid", "covid/tap_logo.svg")
s3.theasianparent.com/community-theasianparent/covid/tap_logo.svg
console.log("community-theasianparent/covid", "covid/tap_logo.svg")
s3.theasianparent.com/community-theasianparent/covid/next.png
console.log("community-theasianparent/covid", "covid/next.png")
s3.theasianparent.com/community-theasianparent/covid/next.png
console.log("community-theasianparent/covid", "covid/next.png")
s3.theasianparent.com/community-theasianparent/covid/lady_doctor.png
console.log("community-theasianparent/covid", "covid/lady_doctor.png")
s3.theasianparent.com/community-theasianparent/covid/download_app_lp.svg
console.log("community-theasianparent/covid", "covid/download_app_lp.svg")
s3.theasianparent.com/community-theasianparent/covid/tap-logo-small.svg
console.log("community-theasianparent/covid", "covid/tap-logo-small.svg")
s3.theasianparent.com/community-theasianparent/covid/google-play.svg
console.log("community-theasianparent/covid", "covid/google-play.svg")
s3.theasianparent.com/community-theasianparent/covid/app-store.svg
console.log("community-theasianparent/covid", "covid/app-store.svg")
s3.theasianparent.com/community-theasianparent/covid/live_updates.png
console.log("community-theasianparent/covid", "covid/live_updates.png")
s3.theasianparent.com/community-theasianparent/covid/parenting.png
console.log("community-theasianparent/covid", "covid/parenting.png")
s3.theasianparent.com/community-theasianparent/covid/community.png
console.log("community-theasianparent/covid", "covid/community.png")
s3.theasianparent.com/community-theasianparent/covid/ic_calendar.svg
console.log("community-theasianparent/covid", "covid/ic_calendar.svg")
s3.theasianparent.com/community-theasianparent/covid/ic_calendar.svg
console.log("community-theasianparent/covid", "covid/ic_calendar.svg")
s3.theasianparent.com/community-theasianparent/covid/family-img.svg
console.log("community-theasianparent/covid", "covid/family-img.svg")
s3.theasianparent.com/community-theasianparent/covid/tap-logo-small.svg
console.log("community-theasianparent/covid", "covid/tap-logo-small.svg")
s3.theasianparent.com/html-edm/2018/sep/tap-welcome/icon-ios.svg
console.log("html-edm/2018/sep/tap-welcome", "2018/sep/tap-welcome/icon-ios.svg")
s3.theasianparent.com/html-edm/2018/sep/tap-welcome/icon-android.svg
console.log("html-edm/2018/sep/tap-welcome", "2018/sep/tap-welcome/icon-android.svg")
s3.theasianparent.com/community-theasianparent/assets/food_placeholder.png
console.log("community-theasianparent/assets", "assets/food_placeholder.png")
s3.theasianparent.com/tap-assets/glass-featured-prime-block.png
console.log("tap-assets", "glass-featured-prime-block.png")
s3.theasianparent.com/html-edm/2018/sep/tap-welcome/icon-android.svg
console.log("html-edm/2018/sep/tap-welcome", "2018/sep/tap-welcome/icon-android.svg")
s3.theasianparent.com/html-edm/2018/sep/tap-welcome/icon-ios.svg
console.log("html-edm/2018/sep/tap-welcome", "2018/sep/tap-welcome/icon-ios.svg")
s3.theasianparent.com/community-theasianparent/assets/ico-tablet.svg
console.log("community-theasianparent/assets", "assets/ico-tablet.svg")
s3.theasianparent.com/community-theasianparent/assets/ico-groceries.svg
console.log("community-theasianparent/assets", "assets/ico-groceries.svg")
s3.theasianparent.com/community-theasianparent/assets/ico-recipes.svg
console.log("community-theasianparent/assets", "assets/ico-recipes.svg")
s3.theasianparent.com/community-theasianparent/assets/kicks.svg
console.log("community-theasianparent/assets", "assets/kicks.svg")
s3.theasianparent.com/community-theasianparent/assets/ico-checklist.svg
console.log("community-theasianparent/assets", "assets/ico-checklist.svg")
s3.theasianparent.com/community-theasianparent/assets/ico-pregnancy.svg
console.log("community-theasianparent/assets", "assets/ico-pregnancy.svg")
s3.theasianparent.com/community-theasianparent/assets/ico-photobooth.svg
console.log("community-theasianparent/assets", "assets/ico-photobooth.svg")
s3.theasianparent.com/community-theasianparent/assets/ico-poll.svg
console.log("community-theasianparent/assets", "assets/ico-poll.svg")
s3.theasianparent.com/community-theasianparent/assets/ico-mom-community.svg
console.log("community-theasianparent/assets", "assets/ico-mom-community.svg")
s3.theasianparent.com/community-theasianparent/assets/ico-rewards.svg
console.log("community-theasianparent/assets", "assets/ico-rewards.svg")
s3.theasianparent.com/community-theasianparent/assets/ico-youtube.png
console.log("community-theasianparent/assets", "assets/ico-youtube.png")
s3.theasianparent.com/community-theasianparent/assets/intro-video.png
console.log("community-theasianparent/assets", "assets/intro-video.png")
s3.theasianparent.com/community-theasianparent/assets/ico-youtube.png
console.log("community-theasianparent/assets", "assets/ico-youtube.png")
s3.theasianparent.com/community-theasianparent/assets/active-blue.png
console.log("community-theasianparent/assets", "assets/active-blue.png")
s3.theasianparent.com/community-theasianparent/assets/ico-int-col-just-mom.svg
console.log("community-theasianparent/assets", "assets/ico-int-col-just-mom.svg")
s3.theasianparent.com/community-theasianparent/assets/inactive-grey.png
console.log("community-theasianparent/assets", "assets/inactive-grey.png")
s3.theasianparent.com/community-theasianparent/assets/ico-int-bw-just-dad.svg
console.log("community-theasianparent/assets", "assets/ico-int-bw-just-dad.svg")
s3.theasianparent.com/community-theasianparent/assets/inactive-grey.png
console.log("community-theasianparent/assets", "assets/inactive-grey.png")
s3.theasianparent.com/community-theasianparent/assets/ico-int-bw-random-talk.svg
console.log("community-theasianparent/assets", "assets/ico-int-bw-random-talk.svg")
s3.theasianparent.com/community-theasianparent/assets/inactive-grey.png
console.log("community-theasianparent/assets", "assets/inactive-grey.png")
s3.theasianparent.com/community-theasianparent/assets/ico-int-bw-work-from-home.svg
console.log("community-theasianparent/assets", "assets/ico-int-bw-work-from-home.svg")
s3.theasianparent.com/community-theasianparent/assets/inactive-grey.png
console.log("community-theasianparent/assets", "assets/inactive-grey.png")
s3.theasianparent.com/community-theasianparent/assets/ico-int-bw-bigger-kids.svg
console.log("community-theasianparent/assets", "assets/ico-int-bw-bigger-kids.svg")
s3.theasianparent.com/community-theasianparent/assets/inactive-grey.png
console.log("community-theasianparent/assets", "assets/inactive-grey.png")
s3.theasianparent.com/community-theasianparent/assets/ico-int-bw-preschooler.svg
console.log("community-theasianparent/assets", "assets/ico-int-bw-preschooler.svg")
s3.theasianparent.com/community-theasianparent/assets/inactive-grey.png
console.log("community-theasianparent/assets", "assets/inactive-grey.png")
s3.theasianparent.com/community-theasianparent/assets/ico-int-bw-breastfeeding.svg
console.log("community-theasianparent/assets", "assets/ico-int-bw-breastfeeding.svg")
s3.theasianparent.com/community-theasianparent/assets/inactive-grey.png
console.log("community-theasianparent/assets", "assets/inactive-grey.png")
s3.theasianparent.com/community-theasianparent/assets/ico-int-bw-buy-sell.svg
console.log("community-theasianparent/assets", "assets/ico-int-bw-buy-sell.svg")
s3.theasianparent.com/community-theasianparent/assets/img-ask-question.png
console.log("community-theasianparent/assets", "assets/img-ask-question.png")
s3.theasianparent.com/community-theasianparent/assets/baby-growth-tracker.png
console.log("community-theasianparent/assets", "assets/baby-growth-tracker.png")
s3.theasianparent.com/community-theasianparent/assets/img-read-article.png
console.log("community-theasianparent/assets", "assets/img-read-article.png")
s3.theasianparent.com/community-theasianparent/assets/img-baby-tracker.png
console.log("community-theasianparent/assets", "assets/img-baby-tracker.png")
s3.theasianparent.com/community-theasianparent/assets/img-photobooth.png
console.log("community-theasianparent/assets", "assets/img-photobooth.png")
s3.theasianparent.com/parenttown-prod/photobooth-popup/app-download.png
console.log("parenttown-prod/photobooth-popup", "photobooth-popup/app-download.png")
s3.theasianparent.com/parenttown-prod/photobooth-popup/login.png
console.log("parenttown-prod/photobooth-popup", "photobooth-popup/login.png")
s3.theasianparent.com/parenttown-prod/point-reward/TAP-APP-Point-Reward-Popup-id.png
console.log("parenttown-prod/point-reward", "point-reward/TAP-APP-Point-Reward-Popup-id.png")
s3.theasianparent.com/parenttown-prod/point-reward/TAP-APP-Point-Reward-Popup-th_1.png
console.log("parenttown-prod/point-reward", "point-reward/TAP-APP-Point-Reward-Popup-th_1.png")
s3.theasianparent.com/parenttown-prod/point-reward/TAP-APP-Point-Reward-Popup-my.png
console.log("parenttown-prod/point-reward", "point-reward/TAP-APP-Point-Reward-Popup-my.png")
s3.theasianparent.com/parenttown-prod/point-reward/TAP-APP-Point-Reward-Popup-ph.png
console.log("parenttown-prod/point-reward", "point-reward/TAP-APP-Point-Reward-Popup-ph.png")
s3.theasianparent.com/parenttown-prod/point-reward/TAP-APP-Point-Reward-Popup-vn.png
console.log("parenttown-prod/point-reward", "point-reward/TAP-APP-Point-Reward-Popup-vn.png")
s3.theasianparent.com/parenttown-prod/point-reward/TAP-APP-Point-Reward-Popup-en.png
console.log("parenttown-prod/point-reward", "point-reward/TAP-APP-Point-Reward-Popup-en.png")
s3.theasianparent.com/tap-assets/TAP_icon.png
console.log("tap-assets", "TAP_icon.png")
s3.theasianparent.com/tap-assets/article-bottom-app-download-widget/App-Download-Article-Bottom-Widget-baby-th-blue.gif
console.log("tap-assets/article-bottom-app-download-widget", "article-bottom-app-download-widget/App-Download-Article-Bottom-Widget-baby-th-blue.gif")
s3.theasianparent.com/tap-assets/article-bottom-app-download-widget/App-Download-Article-Bottom-Widget-baby-th-turquoise.gif
console.log("tap-assets/article-bottom-app-download-widget", "article-bottom-app-download-widget/App-Download-Article-Bottom-Widget-baby-th-turquoise.gif")
s3.theasianparent.com/tap-assets/article-bottom-app-download-widget/App-Download-Article-Bottom-Widget-pregnant-th-blue.gif
console.log("tap-assets/article-bottom-app-download-widget", "article-bottom-app-download-widget/App-Download-Article-Bottom-Widget-pregnant-th-blue.gif")
s3.theasianparent.com/tap-assets/article-bottom-app-download-widget/App-Download-Article-Bottom-Widget-pregnant-th-turquoise.gif
console.log("tap-assets/article-bottom-app-download-widget", "article-bottom-app-download-widget/App-Download-Article-Bottom-Widget-pregnant-th-turquoise.gif")
s3.theasianparent.com/tap-assets/article-bottom-app-download-widget/App-Download-Article-Bottom-Widget-baby-id-blue.gif
console.log("tap-assets/article-bottom-app-download-widget", "article-bottom-app-download-widget/App-Download-Article-Bottom-Widget-baby-id-blue.gif")
s3.theasianparent.com/tap-assets/article-bottom-app-download-widget/App-Download-Article-Bottom-Widget-baby-id-turquoise.gif
console.log("tap-assets/article-bottom-app-download-widget", "article-bottom-app-download-widget/App-Download-Article-Bottom-Widget-baby-id-turquoise.gif")
s3.theasianparent.com/tap-assets/article-bottom-app-download-widget/App-Download-Article-Bottom-Widget-pregnant-id-blue.gif
console.log("tap-assets/article-bottom-app-download-widget", "article-bottom-app-download-widget/App-Download-Article-Bottom-Widget-pregnant-id-blue.gif")
s3.theasianparent.com/tap-assets/article-bottom-app-download-widget/App-Download-Article-Bottom-Widget-pregnant-id-turquoise.gif
console.log("tap-assets/article-bottom-app-download-widget", "article-bottom-app-download-widget/App-Download-Article-Bottom-Widget-pregnant-id-turquoise.gif")
s3.theasianparent.com/tap-assets/article-bottom-app-download-widget/App-Download-Article-Bottom-Widget-baby-my-blue.gif
console.log("tap-assets/article-bottom-app-download-widget", "article-bottom-app-download-widget/App-Download-Article-Bottom-Widget-baby-my-blue.gif")
s3.theasianparent.com/tap-assets/article-bottom-app-download-widget/App-Download-Article-Bottom-Widget-baby-my-turquoise.gif
console.log("tap-assets/article-bottom-app-download-widget", "article-bottom-app-download-widget/App-Download-Article-Bottom-Widget-baby-my-turquoise.gif")
s3.theasianparent.com/tap-assets/article-bottom-app-download-widget/App-Download-Article-Bottom-Widget-pregnant-my-blue.gif
console.log("tap-assets/article-bottom-app-download-widget", "article-bottom-app-download-widget/App-Download-Article-Bottom-Widget-pregnant-my-blue.gif")
s3.theasianparent.com/tap-assets/article-bottom-app-download-widget/App-Download-Article-Bottom-Widget-pregnant-my-turquoise.gif
console.log("tap-assets/article-bottom-app-download-widget", "article-bottom-app-download-widget/App-Download-Article-Bottom-Widget-pregnant-my-turquoise.gif")
s3.theasianparent.com/tap-assets/article-bottom-app-download-widget/App-Download-Article-Bottom-Widget-baby-ph-blue.gif
console.log("tap-assets/article-bottom-app-download-widget", "article-bottom-app-download-widget/App-Download-Article-Bottom-Widget-baby-ph-blue.gif")
s3.theasianparent.com/tap-assets/article-bottom-app-download-widget/App-Download-Article-Bottom-Widget-baby-ph-turquoise.gif
console.log("tap-assets/article-bottom-app-download-widget", "article-bottom-app-download-widget/App-Download-Article-Bottom-Widget-baby-ph-turquoise.gif")
s3.theasianparent.com/tap-assets/article-bottom-app-download-widget/App-Download-Article-Bottom-Widget-pregnant-ph-blue.gif
console.log("tap-assets/article-bottom-app-download-widget", "article-bottom-app-download-widget/App-Download-Article-Bottom-Widget-pregnant-ph-blue.gif")
s3.theasianparent.com/tap-assets/article-bottom-app-download-widget/App-Download-Article-Bottom-Widget-pregnant-ph-turquoise.gif
console.log("tap-assets/article-bottom-app-download-widget", "article-bottom-app-download-widget/App-Download-Article-Bottom-Widget-pregnant-ph-turquoise.gif")
s3.theasianparent.com/tap-assets/article-bottom-app-download-widget/App-Download-Article-Bottom-Widget-baby-vn-blue.gif
console.log("tap-assets/article-bottom-app-download-widget", "article-bottom-app-download-widget/App-Download-Article-Bottom-Widget-baby-vn-blue.gif")
s3.theasianparent.com/tap-assets/article-bottom-app-download-widget/App-Download-Article-Bottom-Widget-baby-vn-turquoise.gif
console.log("tap-assets/article-bottom-app-download-widget", "article-bottom-app-download-widget/App-Download-Article-Bottom-Widget-baby-vn-turquoise.gif")
s3.theasianparent.com/tap-assets/article-bottom-app-download-widget/App-Download-Article-Bottom-Widget-pregnant-vn-blue.gif
console.log("tap-assets/article-bottom-app-download-widget", "article-bottom-app-download-widget/App-Download-Article-Bottom-Widget-pregnant-vn-blue.gif")
s3.theasianparent.com/tap-assets/article-bottom-app-download-widget/App-Download-Article-Bottom-Widget-pregnant-vn-turquoise.gif
console.log("tap-assets/article-bottom-app-download-widget", "article-bottom-app-download-widget/App-Download-Article-Bottom-Widget-pregnant-vn-turquoise.gif")
s3.theasianparent.com/tap-assets/article-bottom-app-download-widget/App-Download-Article-Bottom-Widget-baby-sg-blue.gif
console.log("tap-assets/article-bottom-app-download-widget", "article-bottom-app-download-widget/App-Download-Article-Bottom-Widget-baby-sg-blue.gif")
s3.theasianparent.com/tap-assets/article-bottom-app-download-widget/App-Download-Article-Bottom-Widget-baby-sg-turquoise.gif
console.log("tap-assets/article-bottom-app-download-widget", "article-bottom-app-download-widget/App-Download-Article-Bottom-Widget-baby-sg-turquoise.gif")
s3.theasianparent.com/tap-assets/article-bottom-app-download-widget/App-Download-Article-Bottom-Widget-pregnant-sg-blue.gif
console.log("tap-assets/article-bottom-app-download-widget", "article-bottom-app-download-widget/App-Download-Article-Bottom-Widget-pregnant-sg-blue.gif")
s3.theasianparent.com/tap-assets/article-bottom-app-download-widget/App-Download-Article-Bottom-Widget-pregnant-sg-turquoise.gif
console.log("tap-assets/article-bottom-app-download-widget", "article-bottom-app-download-widget/App-Download-Article-Bottom-Widget-pregnant-sg-turquoise.gif")
s3.theasianparent.com/tap-assets/article-bottom-app-download-widget/App-Download-Article-Bottom-Widget-baby-sg-blue.gif
console.log("tap-assets/article-bottom-app-download-widget", "article-bottom-app-download-widget/App-Download-Article-Bottom-Widget-baby-sg-blue.gif")
s3.theasianparent.com/tap-assets/article-bottom-app-download-widget/App-Download-Article-Bottom-Widget-baby-sg-turquoise.gif
console.log("tap-assets/article-bottom-app-download-widget", "article-bottom-app-download-widget/App-Download-Article-Bottom-Widget-baby-sg-turquoise.gif")
s3.theasianparent.com/tap-assets/article-bottom-app-download-widget/App-Download-Article-Bottom-Widget-pregnant-sg-blue.gif
console.log("tap-assets/article-bottom-app-download-widget", "article-bottom-app-download-widget/App-Download-Article-Bottom-Widget-pregnant-sg-blue.gif")
s3.theasianparent.com/tap-assets/article-bottom-app-download-widget/App-Download-Article-Bottom-Widget-pregnant-sg-turquoise.gif
console.log("tap-assets/article-bottom-app-download-widget", "article-bottom-app-download-widget/App-Download-Article-Bottom-Widget-pregnant-sg-turquoise.gif")
s3.theasianparent.com/parenttown-prod/question-ans-gif/TAP-App-Question-&-Answer-Popup-ID-1-1.gif
console.log("parenttown-prod/question-ans-gif", "question-ans-gif/TAP-App-Question-&-Answer-Popup-ID-1-1.gif")
s3.theasianparent.com/parenttown-prod/question-ans-gif/TAP-App-Question-&-Answer-Popup-ID-2-1.gif
console.log("parenttown-prod/question-ans-gif", "question-ans-gif/TAP-App-Question-&-Answer-Popup-ID-2-1.gif")
s3.theasianparent.com/parenttown-prod/question-ans-gif/TAP-App-Question-&-Answer-Popup-ID-3-1.gif
console.log("parenttown-prod/question-ans-gif", "question-ans-gif/TAP-App-Question-&-Answer-Popup-ID-3-1.gif")
s3.theasianparent.com/parenttown-prod/question-ans-gif/TAP-App-Question-&-Answer-Popup-TH-1-1.gif
console.log("parenttown-prod/question-ans-gif", "question-ans-gif/TAP-App-Question-&-Answer-Popup-TH-1-1.gif")
s3.theasianparent.com/parenttown-prod/question-ans-gif/TAP-App-Question-&-Answer-Popup-TH-2-1.gif
console.log("parenttown-prod/question-ans-gif", "question-ans-gif/TAP-App-Question-&-Answer-Popup-TH-2-1.gif")
s3.theasianparent.com/parenttown-prod/question-ans-gif/TAP-App-Question-&-Answer-Popup-TH-3-1.gif
console.log("parenttown-prod/question-ans-gif", "question-ans-gif/TAP-App-Question-&-Answer-Popup-TH-3-1.gif")
s3.theasianparent.com/parenttown-prod/question-ans-gif/TAP-App-Question-&-Answer-Popup-MY-1-1.gif
console.log("parenttown-prod/question-ans-gif", "question-ans-gif/TAP-App-Question-&-Answer-Popup-MY-1-1.gif")
s3.theasianparent.com/parenttown-prod/question-ans-gif/TAP-App-Question-&-Answer-Popup-MY-2-1.gif
console.log("parenttown-prod/question-ans-gif", "question-ans-gif/TAP-App-Question-&-Answer-Popup-MY-2-1.gif")
s3.theasianparent.com/parenttown-prod/question-ans-gif/TAP-App-Question-&-Answer-Popup-MY-3-1.gif
console.log("parenttown-prod/question-ans-gif", "question-ans-gif/TAP-App-Question-&-Answer-Popup-MY-3-1.gif")
s3.theasianparent.com/parenttown-prod/question-ans-gif/TAP-App-Question-&-Answer-Popup-PH-1-1.gif
console.log("parenttown-prod/question-ans-gif", "question-ans-gif/TAP-App-Question-&-Answer-Popup-PH-1-1.gif")
s3.theasianparent.com/parenttown-prod/question-ans-gif/TAP-App-Question-&-Answer-Popup-PH-2-1.gif
console.log("parenttown-prod/question-ans-gif", "question-ans-gif/TAP-App-Question-&-Answer-Popup-PH-2-1.gif")
s3.theasianparent.com/parenttown-prod/question-ans-gif/TAP-App-Question-&-Answer-Popup-PH-3-1.gif
console.log("parenttown-prod/question-ans-gif", "question-ans-gif/TAP-App-Question-&-Answer-Popup-PH-3-1.gif")
s3.theasianparent.com/parenttown-prod/question-ans-gif/TAP-App-Question-&-Answer-Popup-VN-1-1.gif
console.log("parenttown-prod/question-ans-gif", "question-ans-gif/TAP-App-Question-&-Answer-Popup-VN-1-1.gif")
s3.theasianparent.com/parenttown-prod/question-ans-gif/TAP-App-Question-&-Answer-Popup-VN-2-1.gif
console.log("parenttown-prod/question-ans-gif", "question-ans-gif/TAP-App-Question-&-Answer-Popup-VN-2-1.gif")
j
s3.theasianparent.com/parenttown-prod/question-ans-gif/TAP-App-Question-&-Answer-Popup-VN-3-1.gif
console.log("parenttown-prod/question-ans-gif", "question-ans-gif/TAP-App-Question-&-Answer-Popup-VN-3-1.gif")

s3.theasianparent.com/parenttown-prod/question-ans-gif/TAP-App-Question-&-Answer-Popup-ENG-2-1.gif
console.log("parenttown-prod/question-ans-gif", "question-ans-gif/TAP-App-Question-&-Answer-Popup-ENG-2-1.gif")
s3.theasianparent.com/parenttown-prod/question-ans-gif/TAP-App-Question-&-Answer-Popup-ENG-3-1.gif
console.log("parenttown-prod/question-ans-gif", "question-ans-gif/TAP-App-Question-&-Answer-Popup-ENG-3-1.gif")
j
s3.theasianparent.com/parenttown-prod/question-ans-gif/TAP-App-Question-&-Answer-Popup-ENG-1-1.gif
console.log("parenttown-prod/question-ans-gif", "question-ans-gif/TAP-App-Question-&-Answer-Popup-ENG-1-1.gif")
