GMT: Wed Jun 14 10:46:53 2023

../community-web/server/controllers/MainContentAmp.js
[Match]:    s3.theasianparent.com/cdn-cgi/image/width=150/height=200/community-theasianparent/assets/food_placeholder.png
[Replace]:  helperFunctionnnnn('community-theasianparent/assets/food_placeholder.png', {width: 150, height: 200})
[Match]:    s3.theasianparent.com/html-edm/2018/sep/tap-welcome/icon-android.svg
[Replace]:  helperFunctionnnnn('html-edm/2018/sep/tap-welcome/icon-android.svg')
[Match]:    s3.theasianparent.com/html-edm/2018/sep/tap-welcome/icon-ios.svg
[Replace]:  helperFunctionnnnn('html-edm/2018/sep/tap-welcome/icon-ios.svg')
[Match]:    s3.theasianparent.com/cdn-cgi/image/width=150/community-theasianparent/assets/food_placeholder.png
[Replace]:  helperFunctionnnnn('community-theasianparent/assets/food_placeholder.png', {width: 150})
[Match]:    s3.theasianparent.com/tap-assets/TAP_icon.png
[Replace]:  helperFunctionnnnn('tap-assets/TAP_icon.png')
[Match]:    s3.theasianparent.com/community-theasianparent/assets/meta_recipe_image.jpg
[Replace]:  helperFunctionnnnn('community-theasianparent/assets/meta_recipe_image.jpg')
[Match]:    s3.theasianparent.com/community-theasianparent/assets/food_placeholder.png
[Replace]:  helperFunctionnnnn('community-theasianparent/assets/food_placeholder.png')
[Match]:    s3.theasianparent.com/community-theasianparent/assets/food_placeholder.png
[Replace]:  helperFunctionnnnn('community-theasianparent/assets/food_placeholder.png')
[Match]:    s3.theasianparent.com/community-theasianparent/assets/food_placeholder.png
[Replace]:  helperFunctionnnnn('community-theasianparent/assets/food_placeholder.png')

../community-web/server/injectors/FbOpenGraph.js
[Match]:    s3.theasianparent.com/parenttown-prod/assets/tap_c_logo_512x512.png
[Replace]:  helperFunctionnnnn('parenttown-prod/assets/tap_c_logo_512x512.png')
[Match]:    s3.theasianparent.com/parenttown-prod/assets/tap_c_logo_512x512.png
[Replace]:  helperFunctionnnnn('parenttown-prod/assets/tap_c_logo_512x512.png')
[Match]:    s3.theasianparent.com/parenttown-prod/assets/tap_c_logo_512x512.png
[Replace]:  helperFunctionnnnn('parenttown-prod/assets/tap_c_logo_512x512.png')
[Match]:    s3.theasianparent.com/parenttown-prod/assets/tap_c_logo_512x512.png
[Replace]:  helperFunctionnnnn('parenttown-prod/assets/tap_c_logo_512x512.png')
[Match]:    s3.theasianparent.com/parenttown-prod/assets/tap_c_logo_512x512.png
[Replace]:  helperFunctionnnnn('parenttown-prod/assets/tap_c_logo_512x512.png')
[Match]:    s3.theasianparent.com/parenttown-prod/assets/icon-poll.png
[Replace]:  helperFunctionnnnn('parenttown-prod/assets/icon-poll.png')
[Match]:    s3.theasianparent.com/parenttown-prod/assets/icon-poll.png
[Replace]:  helperFunctionnnnn('parenttown-prod/assets/icon-poll.png')
[Match]:    s3.theasianparent.com/community-theasianparent/assets/meta_recipe_image.jpg
[Replace]:  helperFunctionnnnn('community-theasianparent/assets/meta_recipe_image.jpg')
[Match]:    s3.theasianparent.com/community-theasianparent/assets/meta_recipe_image.jpg
[Replace]:  helperFunctionnnnn('community-theasianparent/assets/meta_recipe_image.jpg')
[Match]:    s3.theasianparent.com/parenttown-prod/assets/tap_c_logo_512x512.png
[Replace]:  helperFunctionnnnn('parenttown-prod/assets/tap_c_logo_512x512.png')
[Match]:    s3.theasianparent.com/parenttown-prod/assets/tap_c_logo_512x512.png
[Replace]:  helperFunctionnnnn('parenttown-prod/assets/tap_c_logo_512x512.png')
[Match]:    s3.theasianparent.com/parenttown-prod/assets/tap_c_logo_512x512.png
[Replace]:  helperFunctionnnnn('parenttown-prod/assets/tap_c_logo_512x512.png')
[Match]:    s3.theasianparent.com/community-theasianparent/covid/lady_doctor.png
[Replace]:  helperFunctionnnnn('community-theasianparent/covid/lady_doctor.png')
[Match]:    s3.theasianparent.com/community-theasianparent/covid/lady_doctor.png
[Replace]:  helperFunctionnnnn('community-theasianparent/covid/lady_doctor.png')
[Match]:    s3.theasianparent.com/community-theasianparent/assets/meta_recipe_image.jpg
[Replace]:  helperFunctionnnnn('community-theasianparent/assets/meta_recipe_image.jpg')
[Match]:    s3.theasianparent.com/community-theasianparent/assets/meta_recipe_image.jpg
[Replace]:  helperFunctionnnnn('community-theasianparent/assets/meta_recipe_image.jpg')
[Match]:    s3.theasianparent.com/community-theasianparent/assets/meta_recipe_image.jpg
[Replace]:  helperFunctionnnnn('community-theasianparent/assets/meta_recipe_image.jpg')
[Match]:    s3.theasianparent.com/community-theasianparent/assets/meta_recipe_image.jpg
[Replace]:  helperFunctionnnnn('community-theasianparent/assets/meta_recipe_image.jpg')
[Match]:    s3.theasianparent.com/community-theasianparent/assets/meta_recipe_image.jpg
[Replace]:  helperFunctionnnnn('community-theasianparent/assets/meta_recipe_image.jpg')
[Match]:    s3.theasianparent.com/community-theasianparent/assets/meta_recipe_image.jpg
[Replace]:  helperFunctionnnnn('community-theasianparent/assets/meta_recipe_image.jpg')
[Match]:    s3.theasianparent.com/parenttown-prod/food/food-nutritients.jpg
[Replace]:  helperFunctionnnnn('parenttown-prod/food/food-nutritients.jpg')
[Match]:    s3.theasianparent.com/parenttown-prod/food/food-nutritients.jpg
[Replace]:  helperFunctionnnnn('parenttown-prod/food/food-nutritients.jpg')

../community-web/server/injectors/FoodStructuredDataInjector.js
[Match]:    s3.theasianparent.com/parenttown-prod/community/TAP+logo_white_text-27.png
[Replace]:  helperFunctionnnnn('parenttown-prod/community/TAP+logo_white_text-27.png')

../community-web/server/injectors/RecipeStructuredDataInjector.js
[Match]:    s3.theasianparent.com/community-theasianparent/assets/meta_recipe_image.jpg
[Replace]:  helperFunctionnnnn('community-theasianparent/assets/meta_recipe_image.jpg')

../community-web/server/other/index.js

../community-web/src/containers/Reward/View/index.js

../community-web/src/containers/View/index.js

../community-web/src/containers/Booth/index.js

../community-web/src/containers/Booth/Hashtag/index.js

../community-web/src/containers/WebView/KickCounter/index.js

../community-web/src/containers/Login/index.js

../community-web/src/containers/Contest/View/index.js

../community-web/src/containers/FoodAndNutrients/DetailComponent/index.js
[Match]:    s3.theasianparent.com/community-theasianparent/assets/food_placeholder.png
[Replace]:  helperFunctionnnnn('community-theasianparent/assets/food_placeholder.png')

../community-web/src/containers/Compose/index.js

../community-web/src/containers/Author/Edit/index.js

../community-web/src/containers/Author/View/index.js

../community-web/src/containers/Recipes/RecipeDetail/index.js
[Match]:    s3.theasianparent.com/community-theasianparent/assets/food_placeholder.png
[Replace]:  helperFunctionnnnn('community-theasianparent/assets/food_placeholder.png')

../community-web/src/containers/Recipes/RecipesListing/index.js
[Match]:    s3.theasianparent.com/community-theasianparent/assets/food_placeholder.png
[Replace]:  helperFunctionnnnn('community-theasianparent/assets/food_placeholder.png')

../community-web/src/containers/AndroidAppDownload/index.js

../community-web/src/config/index.js

../community-web/src/reducers/user.js

../community-web/src/components/Common/DownloadAppContestPopup/index.js

../community-web/src/components/Common/CardComponents/index.js

../community-web/src/components/Tracker/PregnancyView/index.js

../community-web/src/components/404/index.js

../community-web/src/components/Layout/Footer/index.js

../community-web/src/components/Layout/Sidebars/FeedSwitcher/Mobile/index.js
[Match]:    s3.theasianparent.com/parenttown-prod/assets/tap_c_logo_512x512.png
[Replace]:  helperFunctionnnnn('parenttown-prod/assets/tap_c_logo_512x512.png')

../community-web/src/components/Layout/Header/index.js
[Match]:    s3.theasianparent.com/parenttown-prod/community/login-signup-assets/tap_logo.png
[Replace]:  helperFunctionnnnn('parenttown-prod/community/login-signup-assets/tap_logo.png')

../community-web/src/components/SuggestedArticleCard/index.js

../community-web/src/components/LandingPage/index.js

../community-web/src/components/Calculator/index.js

../community-web/src/components/WebView/Tracker/AboutBabyTracker/index.js

../community-web/src/components/WebView/Covid-19/index.js

../community-web/src/components/WebView/Covid19GoodDoctor/index.js

../community-web/src/components/WebView/CovidLandingPage/index.js

../community-web/src/components/WebView/CovidArticle/index.js

../community-web/src/components/WebView/ShareIcons/index.js

../community-web/src/components/WebView/CovidQ&A/Answers/index.js

../community-web/src/components/Login/Page/index.js
[Match]:    s3.theasianparent.com/parenttown-prod/community/login-signup-assets/login_page_desktop.png
[Replace]:  helperFunctionnnnn('parenttown-prod/community/login-signup-assets/login_page_desktop.png')

../community-web/src/components/Login/LoginModal/index.js

../community-web/src/components/Recipes/RecipeList/index.js

../community-web/src/components/Recipes/RecipeCategoryCard/index.js
[Match]:    s3.theasianparent.com/community-theasianparent/assets/food_placeholder.png
[Replace]:  helperFunctionnnnn('community-theasianparent/assets/food_placeholder.png')

../community-web/src/components/AppDownload/index.js

../community-web/src/components/AppDownload/PhotoBooth/index.js

../community-web/src/components/AppDownload/PointReward/index.js

../community-web/src/components/AppDownload/GetAppWidget/index.js

../community-web/src/components/AppDownload/TrackerCardBanner/index.js

../community-web/src/components/AppDownload/QuestionAnsGif/index.js

../community-web/server/templates/amp.html
[Match]:    s3.theasianparent.com/community-theasianparent/assets/user.png
[Replace]:  static.cdntap.com/community-theasianparent/assets/user.png
[Match]:    s3.theasianparent.com/tap-assets/tap-logo/TAP+logo_white_text-27.png
[Replace]:  static.cdntap.com/tap-assets/tap-logo/TAP+logo_white_text-27.png
[Match]:    s3.theasianparent.com/html-edm/2018/sep/tap-welcome/icon-android.svg
[Replace]:  static.cdntap.com/html-edm/2018/sep/tap-welcome/icon-android.svg
[Match]:    s3.theasianparent.com/html-edm/2018/sep/tap-welcome/icon-ios.svg
[Replace]:  static.cdntap.com/html-edm/2018/sep/tap-welcome/icon-ios.svg

../community-web/public/index.html
[Match]:    s3.theasianparent.com/tap-assets/favicon.ico
[Replace]:  static.cdntap.com/tap-assets/favicon.ico
[Match]:    s3.theasianparent.com/parenttown-prod/assets/tap_c_logo_120x120.png
[Replace]:  static.cdntap.com/parenttown-prod/assets/tap_c_logo_120x120.png
[Match]:    s3.theasianparent.com/parenttown-prod/assets/tap_c_logo_120x120.png
[Replace]:  static.cdntap.com/parenttown-prod/assets/tap_c_logo_120x120.png
[Match]:    s3.theasianparent.com/parenttown-prod/assets/tap_c_logo_152x152.png
[Replace]:  static.cdntap.com/parenttown-prod/assets/tap_c_logo_152x152.png

../community-web/src/other/localization/locales/th/common.json
[Match]:    s3.theasianparent.com/community-theasianparent/assets/babycare-tracker-th.png
[Replace]:  static.cdntap.com/community-theasianparent/assets/babycare-tracker-th.png
[Match]:    s3.theasianparent.com/community-theasianparent/assets/testimonials/th-Chiraphinya-Phrachai.jpg
[Replace]:  static.cdntap.com/community-theasianparent/assets/testimonials/th-Chiraphinya-Phrachai.jpg
[Match]:    s3.theasianparent.com/community-theasianparent/assets/testimonials/th-Nantida-Karaket.jpg
[Replace]:  static.cdntap.com/community-theasianparent/assets/testimonials/th-Nantida-Karaket.jpg
[Match]:    s3.theasianparent.com/community-theasianparent/assets/testimonials/th-Nisakorn-Thongkum.jpg
[Replace]:  static.cdntap.com/community-theasianparent/assets/testimonials/th-Nisakorn-Thongkum.jpg
[Match]:    s3.theasianparent.com/community-theasianparent/assets/testimonials/th-Rattanaporn-Thongkhum.jpg
[Replace]:  static.cdntap.com/community-theasianparent/assets/testimonials/th-Rattanaporn-Thongkhum.jpg
[Match]:    s3.theasianparent.com/community-theasianparent/assets/testimonials/th-Nichanan-Kongkamnoet.jpg
[Replace]:  static.cdntap.com/community-theasianparent/assets/testimonials/th-Nichanan-Kongkamnoet.jpg

../community-web/src/other/localization/locales/id/common.json
[Match]:    s3.theasianparent.com/community-theasianparent/assets/babycare-tracker-id.png
[Replace]:  static.cdntap.com/community-theasianparent/assets/babycare-tracker-id.png
[Match]:    s3.theasianparent.com/community-theasianparent/assets/testimonials/id-Adhe-Febriani.jpg
[Replace]:  static.cdntap.com/community-theasianparent/assets/testimonials/id-Adhe-Febriani.jpg
[Match]:    s3.theasianparent.com/community-theasianparent/assets/testimonials/id-Fauziyah.jpg
[Replace]:  static.cdntap.com/community-theasianparent/assets/testimonials/id-Fauziyah.jpg
[Match]:    s3.theasianparent.com/community-theasianparent/assets/testimonials/id-Erindaros.jpg
[Replace]:  static.cdntap.com/community-theasianparent/assets/testimonials/id-Erindaros.jpg
[Match]:    s3.theasianparent.com/community-theasianparent/assets/testimonials/id-yudhi.jpg
[Replace]:  static.cdntap.com/community-theasianparent/assets/testimonials/id-yudhi.jpg

../community-web/src/other/localization/locales/en/common.json
[Match]:    s3.theasianparent.com/community-theasianparent/assets/babycare-tracker-en.png
[Replace]:  static.cdntap.com/community-theasianparent/assets/babycare-tracker-en.png
[Match]:    s3.theasianparent.com/community-theasianparent/assets/testimonials/default-img.svg
[Replace]:  static.cdntap.com/community-theasianparent/assets/testimonials/default-img.svg
[Match]:    s3.theasianparent.com/community-theasianparent/assets/testimonials/default-img.svg
[Replace]:  static.cdntap.com/community-theasianparent/assets/testimonials/default-img.svg
[Match]:    s3.theasianparent.com/community-theasianparent/assets/testimonials/default-img.svg
[Replace]:  static.cdntap.com/community-theasianparent/assets/testimonials/default-img.svg
[Match]:    s3.theasianparent.com/community-theasianparent/assets/testimonials/default-img.svg
[Replace]:  static.cdntap.com/community-theasianparent/assets/testimonials/default-img.svg
[Match]:    s3.theasianparent.com/community-theasianparent/assets/testimonials/default-img.svg
[Replace]:  static.cdntap.com/community-theasianparent/assets/testimonials/default-img.svg

../community-web/src/other/localization/locales/ph/common.json
[Match]:    s3.theasianparent.com/community-theasianparent/assets/babycare-tracker-ph.png
[Replace]:  static.cdntap.com/community-theasianparent/assets/babycare-tracker-ph.png
[Match]:    s3.theasianparent.com/community-theasianparent/assets/testimonials/ph-Rhangelyn-Abregana.jpg
[Replace]:  static.cdntap.com/community-theasianparent/assets/testimonials/ph-Rhangelyn-Abregana.jpg
[Match]:    s3.theasianparent.com/community-theasianparent/assets/testimonials/ph-Levirinth-Ann-Legaspi.jpg
[Replace]:  static.cdntap.com/community-theasianparent/assets/testimonials/ph-Levirinth-Ann-Legaspi.jpg
[Match]:    s3.theasianparent.com/community-theasianparent/assets/testimonials/ph-Pie-Tala.jpg
[Replace]:  static.cdntap.com/community-theasianparent/assets/testimonials/ph-Pie-Tala.jpg
[Match]:    s3.theasianparent.com/community-theasianparent/assets/testimonials/ph-Alyssa-Gan.jpg
[Replace]:  static.cdntap.com/community-theasianparent/assets/testimonials/ph-Alyssa-Gan.jpg
[Match]:    s3.theasianparent.com/community-theasianparent/assets/testimonials/ph-Abie-Venice.jpg
[Replace]:  static.cdntap.com/community-theasianparent/assets/testimonials/ph-Abie-Venice.jpg

../community-web/src/other/localization/locales/my/common.json
[Match]:    s3.theasianparent.com/community-theasianparent/assets/babycare-tracker-my.png
[Replace]:  static.cdntap.com/community-theasianparent/assets/babycare-tracker-my.png
[Match]:    s3.theasianparent.com/community-theasianparent/assets/testimonials/default-img.svg
[Replace]:  static.cdntap.com/community-theasianparent/assets/testimonials/default-img.svg
[Match]:    s3.theasianparent.com/community-theasianparent/assets/testimonials/default-img.svg
[Replace]:  static.cdntap.com/community-theasianparent/assets/testimonials/default-img.svg
[Match]:    s3.theasianparent.com/community-theasianparent/assets/testimonials/my-wan-fatin-afiqah.jpg
[Replace]:  static.cdntap.com/community-theasianparent/assets/testimonials/my-wan-fatin-afiqah.jpg
[Match]:    s3.theasianparent.com/community-theasianparent/assets/testimonials/default-img.svg
[Replace]:  static.cdntap.com/community-theasianparent/assets/testimonials/default-img.svg
[Match]:    s3.theasianparent.com/community-theasianparent/assets/testimonials/default-img.svg
[Replace]:  static.cdntap.com/community-theasianparent/assets/testimonials/default-img.svg

../community-web/src/other/localization/locales/vn/common.json
[Match]:    s3.theasianparent.com/community-theasianparent/assets/babycare-tracker-en.png
[Replace]:  static.cdntap.com/community-theasianparent/assets/babycare-tracker-en.png
[Match]:    s3.theasianparent.com/community-theasianparent/assets/testimonials/vn-Trinh-Nguyen.jpg
[Replace]:  static.cdntap.com/community-theasianparent/assets/testimonials/vn-Trinh-Nguyen.jpg
[Match]:    s3.theasianparent.com/community-theasianparent/assets/testimonials/vn-Nga%CC%82n-Pha%CC%A3m.jpg
[Replace]:  static.cdntap.com/community-theasianparent/assets/testimonials/vn-Nga%CC%82n-Pha%CC%A3m.jpg
[Match]:    s3.theasianparent.com/community-theasianparent/assets/testimonials/vn-Mango.jpg
[Replace]:  static.cdntap.com/community-theasianparent/assets/testimonials/vn-Mango.jpg
[Match]:    s3.theasianparent.com/community-theasianparent/assets/testimonials/vn-Phuong-Tu.jpg
[Replace]:  static.cdntap.com/community-theasianparent/assets/testimonials/vn-Phuong-Tu.jpg
[Match]:    s3.theasianparent.com/community-theasianparent/assets/testimonials/vn-Ly%CC%81-Ngo%CC%A3c-Thy.jpg
[Replace]:  static.cdntap.com/community-theasianparent/assets/testimonials/vn-Ly%CC%81-Ngo%CC%A3c-Thy.jpg

../community-web/public/manifest.json
[Match]:    s3.theasianparent.com/parenttown-prod/assets/tap_c_logo_512x512.png
[Replace]:  static.cdntap.com/parenttown-prod/assets/tap_c_logo_512x512.png
[Match]:    s3.theasianparent.com/parenttown-prod/assets/tap_c_logo_512x512.png
[Replace]:  static.cdntap.com/parenttown-prod/assets/tap_c_logo_512x512.png

../community-web/server/templates/amp.css
[Match]:    s3.theasianparent.com/parenttown-prod/community/left_panel_head_bg.png
[Replace]:  static.cdntap.com/parenttown-prod/community/left_panel_head_bg.png
[Match]:    s3.theasianparent.com/parenttown-prod/community/user_50x50+3.png
[Replace]:  static.cdntap.com/parenttown-prod/community/user_50x50+3.png

../community-web/server/templates/amp.min.css
[Match]:    s3.theasianparent.com/parenttown-prod/community/left_panel_head_bg.png
[Replace]:  static.cdntap.com/parenttown-prod/community/left_panel_head_bg.png
[Match]:    s3.theasianparent.com/parenttown-prod/community/user_50x50+3.png
[Replace]:  static.cdntap.com/parenttown-prod/community/user_50x50+3.png

../community-web/server/templates/PostDetail/amp.css
[Match]:    s3.theasianparent.com/tap-assets/upvote_downvote_icon_sprite.png
[Replace]:  static.cdntap.com/tap-assets/upvote_downvote_icon_sprite.png

../community-web/server/templates/PostDetail/amp.min.css
[Match]:    s3.theasianparent.com/tap-assets/upvote_downvote_icon_sprite.png
[Replace]:  static.cdntap.com/tap-assets/upvote_downvote_icon_sprite.png
